<?xml version="1.0" encoding="UTF-8"?>
<!-- Generated by org.testng.reporters.JUnitReportReporter -->
<testsuite hostname="SyedRafi" failures="0" tests="1" name="qaclickacademy.SeleniumTest" time="0.012" errors="0" timestamp="2021-01-29T17:23:17 IST" skipped="0">
  <testcase classname="qaclickacademy.SeleniumTest" name="elementsUi" time="0.012"/>
  <system-out/>
</testsuite> <!-- qaclickacademy.SeleniumTest -->
